Case #1:
1000000000000001 331 271 1321 7621 1950271 6568801 18837001 47763361 9091
1000000000000101 2521 5197 520981 6423401 3613 425294411 2491681 25050853 44244113
1000000000000111 23 358723 1148387 10296079 1892999 2652269 60144225793 32646827 2148186179
1000000000001001 449 757 23459 32839 10031041 1063 26791117 5171 333667
1000000000010011 3643 32029 16519109 121101503 11437 202956631 734171 344653 999000999011
1000000000011001 643 97 17053 8125021 43777 451669 89909 3137627737 29429
1000000000011011 937 9157 69011 4924573 229739 46489 34126452079 29413018871707 12048192771217
1000000000011111 29 523 25357 2083 1638275213 7310509 3909374677057 20589113210203 1752131
1000000000100101 5 7321 971713 238859 58560841 276021019 425297 632153 83118479
1000000000101011 10937 563 82595609 817793 606690313 910277 2665321 2820426467869 477783086527
1000000000101111 6563 84407 21053783 1173753131 7307477 811548979 622897621 35083171 12611939
1000000000110001 10939 3169 11302559 25179523 24359 11719 3909374680633 10294556608013 36187663
1000000000110101 1427 17959 93949 30857009 5209 15841099 818241212227 37314037 1321159291
1000000000110111 521 499 31 3889 752083 3969241 2038021 8730619 290322871
1000000000111011 1931 174991 4507 2371 4965991 38867 158573 1364185973 239779
1000000001000011 199 5881 8803 375481 1634011 9431 1693 19249 99008911
1000000001001001 89 47 16519169 234239 3318149 3450262811 521551 89659 6753977
1000000001001111 10949 3229 95317 47535193 984757 14836501 86757389 63342737 231750731
1000000001010101 233 2049961 19661 10926457 104601787 1592207 24575773 53215593857 32346593
1000000001010111 6571 11299 18041 1173753631 12707703583 31650410867 245591 2510867471131 1202437
1000000001011001 103 2153 4969 21313 94037006549 70859128811 8340721 36525149 294031167601
1000000001011011 1217 10459 1307 1583027 127455959 6701 1472203 967699 162359987
1000000001011101 1933 1699 48023 37997 362517373 2449199 35437 2899037 6423203
1000000001011111 557 126989 21913189 44087 24746580673 3393539407 885449 20416093 73588932299
1000000001100001 313 358747 12632317 290677 1610813 223941587 60144226297 35869535311 900090009991
1000000001100011 1429 755257 1600219 289291 94037007803 360421 69821 54117463 2486269579
1000000001100111 10957 24077 23869 4991429 160397 139501 42947419 6184774187 214916633
1000000001101011 263 1434991 253661 3269509 317399 6330082193 20117 165037 3300330036637
1000000001101101 281 512497 5479 2398051 192583 615761 930011 84570509 323333
1000000001110011 113 4157 43943 5195369 111977 18451177 3909374709761 407861 24378946369
1000000001110101 6577 1434997 679157 2649557 374009 21839 541298036737 67861283023 2418439
1000000001111011 1061 25763 81203 4045817 59077 1797821 5481285619 1693171 40693
1000000001111101 127 1093 557 19531 8398111 1503863 10837 1093 29032261
1000000001111111 43 41 257 647 1297 114913 2711 2803 989011
1000000010000101 997 919 2003 35117 1621 4603 2299163 1181 9999900101
1000000010010001 53 1021 16519361 2243 6835181 6900526651 4065773 12820120603 999001009001
1000000010011001 4703 8609 5998651 386549 1787267 200713 144357403 1016028863 3174169907
1000000010011011 73 9479 1223 829 771619 329803 262657 351079 999000011
1000000010100011 3659 11399 2550497 4424773 94037054459 533853857 72833281 2329796849 58823530005883
1000000010100111 941 22079 2767 276373 295528141 17377 114077569 14423393 4534037
1000000010101001 10979 3083 4271 1453221881 10145329 703238387 123453944629 15230483 389299
1000000010110011 701 8783 268507 63844477 15548969 20288728003 172209887 2190331244077 5649717571243
1000000010110101 523 443 1699 98899 19403 6971 1387781 46259251 11015923
1000000010111001 1063 135391 1259 56519 342451037 5692520807 6139037 28351850309 4336867
1000000010111011 13 55411 1291 1453221911 548089 44449 133810909 2820426533479 10989011100121
1000000011000111 37 449 479 112213 3556379 1057897 14779 3486725443 3333300037
1000000011001101 379 717593 1934707 299192863 40005557 19188583 781874987749 1871737612817 19289007407
1000000011010001 673 2347 56513819 87947183 166979 4642489 2148241 29413019630803 702113
1000000011010011 10993 607 1173511 34136099 4519231 600169 90915696259 28165682273 30303030636667
1000000011011001 733 512569 16943 242203751 46101119 6013531 6172759 560281 4012052249
