Case #1: 2
Case #2: 1
Case #3: 1 2
Case #4: 2 6
Case #5: 61 124 186 248 310 372 434 496 558 620 682 744 806 868 930 992 1054 1116 1178 1240 1302 1364 1426 1488 1550 1612 1674 1736 1798 1860 1922 1984 2046 2108 2170 2232 2294 2356 2418 2480 2542 2604 2666 2728 2790 2852 2914 2976 3038 3100 3162 3224 3286 3348
Case #6: 12 26 39 52 65
Case #7: 1
Case #8: 99 200 300 400 500 600 700 800 900 1000 1100 1200 1300 1400 1500 1600 1700 1800 1900 2000 2100 2200 2300 2400 2500 2600 2700 2800 2900 3000 3100 3200 3300 3400 3500 3600 3700 3800 3900 4000 4100 4200 4300 4400 4500 4600 4700 4800 4900 5000 5100 5200 5300 5400 5500 5600 5700 5800 5900 6000 6100 6200 6300 6400 6500 6600 6700 6800 6900 7000 7100 7200 7300 7400 7500 7600 7700 7800 7900 8000 8100 8200 8300 8400 8500 8600 8700 8800 8900 9000 9100 9200
Case #9: 18 38 57 76 95 114
Case #10: 99 200 300 400 500 600 700 800 900 1000 1100 1200 1300 1400 1500 1600 1700 1800 1900 2000 2100 2200 2300 2400 2500 2600 2700 2800 2900 3000 3100 3200 3300 3400 3500 3600 3700 3800 3900 4000 4100 4200 4300 4400 4500 4600 4700 4800 4900 5000 5100 5200 5300 5400 5500 5600 5700 5800 5900 6000 6100 6200 6300 6400 6500 6600 6700 6800 6900 7000 7100 7200 7300 7400 7500 7600 7700 7800 7900 8000 8100 8200 8300 8400 8500 8600 8700 8800 8900 9000 9100 9200 9300 9400 9500 9600 9700 9800 9900
Case #11: 1 2 3 4 5 6 7 8 9 10 11 12 13 14 15 16 17 18 19 20 21 22 23 24 25 26 27 28 29 30 31 32 33 34 35 36 37 38 39 40 41 42 43 44 45 46 47 48 49 50 51 52
Case #12: 9 20 30 40 50 60 70 80 90
Case #13: 46 94 141 188 235 282 329 376 423 470 517 564 611 658 705 752 799 846 893 940 987 1034 1081 1128 1175 1222 1269 1316 1363 1410 1457 1504 1551 1598 1645 1692 1739 1786 1833 1880 1927 1974
Case #14: 2
Case #15: 9
Case #16: 1 2 3 4 5 6 7 8 9 10 11 12 13 14 15 16 17 18 19 20 21 22 23 24 25 26 27 28 29 30 31 32 33 34 35 36 37 38 39 40 41 42 43 44 45 46 47 48 49 50 51 52 53 54 55 56 57 58 59 60 61 62 63 64
Case #17: 24 50 75 100 125 150 175 200 225 250 275 300 325 350 375 400 425 450 475 500 525 550
Case #18: 16 34 51 68 85 102 119 136 153 170 187
Case #19: 16 34 51 68 85 102 119 136 153 170 187 204
Case #20: 2
Case #21: 7 16 24 32 40 48
Case #22: 3 8 12
Case #23: 79 160 240 320 400 480 560 640 720 800 880 960 1040 1120 1200 1280 1360 1440 1520 1600 1680 1760 1840 1920 2000 2080 2160 2240 2320 2400 2480 2560 2640 2720 2800 2880 2960 3040 3120 3200 3280 3360 3440 3520 3600 3680 3760 3840 3920 4000 4080 4160 4240 4320 4400 4480 4560 4640 4720 4800 4880 4960 5040 5120 5200 5280 5360 5440 5520 5600 5680 5760 5840
Case #24: 22 46 69 92 115 138 161 184 207 230 253 276 299 322 345 368 391
Case #25: 1 2 3 4
Case #26: 2
Case #27: 3
Case #28: 2
Case #29: 83 168 252 336 420 504 588 672 756 840 924 1008 1092 1176 1260 1344 1428 1512 1596 1680 1764 1848 1932 2016 2100 2184 2268 2352 2436 2520 2604 2688 2772 2856 2940 3024 3108 3192 3276 3360 3444 3528 3612 3696 3780 3864 3948 4032 4116 4200 4284 4368 4452 4536 4620 4704 4788 4872 4956 5040 5124 5208 5292 5376 5460 5544 5628 5712 5796 5880 5964 6048 6132 6216 6300 6384 6468 6552 6636 6720 6804 6888 6972
Case #30: 29 60 90 120 150 180 210 240 270 300 330 360 390 420 450 480 510 540 570
Case #31: 1
Case #32: 1
Case #33: 53 108 162 216 270 324 378 432 486 540 594 648 702 756 810 864 918 972 1026 1080 1134 1188 1242 1296 1350 1404 1458 1512 1566 1620 1674 1728 1782 1836 1890 1944 1998 2052 2106 2160 2214 2268 2322 2376 2430 2484 2538 2592 2646 2700 2754 2808 2862
Case #34: 53 108 162 216 270 324 378 432 486 540 594 648 702 756 810 864 918 972 1026 1080 1134 1188 1242 1296 1350 1404 1458 1512 1566 1620 1674 1728 1782 1836 1890 1944 1998 2052 2106 2160 2214 2268 2322 2376 2430 2484 2538 2592 2646 2700 2754
Case #35: 2
Case #36: 5 12 18 24
Case #37: 1 2 3 4 5 6 7 8 9 10 11 12 13 14 15 16 17 18 19 20 21 22 23 24 25 26 27 28 29 30 31 32 33 34 35 36 37 38 39 40 41 42 43 44 45 46 47 48 49 50 51 52 53 54 55 56 57 58 59 60 61 62 63 64 65 66 67 68 69 70 71 72 73 74 75 76 77 78 79 80 81 82 83 84 85 86 87 88 89 90 91 92 93 94 95 96 97 98 99 100
Case #38: 3
Case #39: 1
Case #40: 8
Case #41: 22 46 69 92 115 138 161 184 207 230 253 276 299 322 345 368 391 414
Case #42: 1 2 3
Case #43: 15 32 48 64 80 96 112 128 144 160 176 192 208 224
Case #44: 1 2 3 4 5 6 7 8 9 10 11 12 13 14 15 16 17 18 19 20 21 22 23 24 25 26 27 28 29 30 31 32
Case #45: 1
Case #46: 2
Case #47: 59 120 180 240 300 360 420 480 540 600 660 720 780 840 900 960 1020 1080 1140 1200 1260 1320 1380 1440 1500 1560 1620 1680 1740 1800 1860 1920 1980 2040 2100 2160 2220 2280 2340 2400 2460 2520 2580 2640 2700 2760 2820 2880 2940 3000 3060 3120 3180 3240 3300 3360 3420 3480
Case #48: 80 162 243 324 405 486 567 648 729 810 891 972 1053 1134 1215 1296 1377 1458 1539 1620 1701 1782 1863 1944 2025 2106 2187 2268 2349 2430 2511 2592 2673 2754 2835 2916 2997 3078 3159 3240 3321 3402 3483 3564 3645 3726 3807 3888 3969 4050 4131 4212 4293 4374 4455 4536 4617 4698 4779 4860 4941 5022 5103 5184 5265 5346 5427 5508 5589 5670 5751 5832 5913 5994 6075
Case #49: 1
Case #50: 1 2 3 4 5 6 7 8 9
Case #51: 71 144 216 288 360 432 504 576 648 720 792 864 936 1008 1080 1152 1224 1296 1368 1440 1512 1584 1656 1728 1800 1872 1944 2016 2088 2160 2232 2304 2376 2448 2520 2592 2664 2736 2808 2880 2952 3024 3096 3168 3240 3312 3384 3456 3528 3600 3672 3744 3816 3888 3960 4032 4104 4176 4248 4320 4392 4464 4536 4608 4680 4752 4824 4896 4968
Case #52: 2
Case #53: 1
Case #54: 57 116 174 232 290 348 406 464 522 580 638 696 754 812 870 928 986 1044 1102 1160 1218 1276 1334 1392 1450 1508 1566 1624 1682 1740 1798 1856 1914 1972 2030 2088 2146 2204 2262 2320 2378 2436 2494 2552 2610 2668 2726 2784 2842 2900 2958
Case #55: 13 28 42 56 70 84 98 112
Case #56: 1 2 3 4 5 6 7 8 9 10 11 12 13 14 15 16 17 18 19 20 21 22 23 24 25 26 27 28 29 30 31 32 33 34 35 36 37 38 39 40 41 42 43 44 45 46 47 48 49 50 51 52 53 54 55 56 57 58 59 60 61 62 63 64 65 66 67 68 69 70 71 72 73 74 75 76 77 78 79 80 81 82 83 84 85 86 87 88 89 90 91 92
Case #57: 3 8
Case #58: 2
Case #59: 1
Case #60: 99 200 300 400 500 600 700 800 900 1000 1100 1200 1300 1400 1500 1600 1700 1800 1900 2000 2100 2200 2300 2400 2500 2600 2700 2800 2900 3000 3100 3200 3300 3400 3500 3600 3700 3800 3900 4000 4100 4200 4300 4400 4500 4600 4700 4800 4900 5000 5100 5200 5300 5400 5500 5600 5700 5800 5900 6000 6100 6200 6300 6400 6500 6600 6700 6800 6900 7000 7100 7200 7300 7400 7500 7600 7700 7800 7900 8000 8100 8200 8300 8400 8500 8600 8700 8800 8900 9000 9100 9200 9300 9400
Case #61: 50 102 153 204 255 306 357 408 459 510 561 612 663 714 765 816 867 918 969 1020 1071 1122 1173 1224 1275 1326 1377 1428 1479 1530 1581 1632 1683 1734 1785 1836 1887 1938 1989 2040 2091 2142 2193 2244 2295 2346 2397
Case #62: 86 174 261 348 435 522 609 696 783 870 957 1044 1131 1218 1305 1392 1479 1566 1653 1740 1827 1914 2001 2088 2175 2262 2349 2436 2523 2610 2697 2784 2871 2958 3045 3132 3219 3306 3393 3480 3567 3654 3741 3828 3915 4002 4089 4176 4263 4350 4437 4524 4611 4698 4785 4872 4959 5046 5133 5220 5307 5394 5481 5568 5655 5742 5829 5916 6003 6090 6177 6264 6351 6438 6525 6612 6699 6786 6873 6960 7047 7134 7221 7308 7395 7482
Case #63: 95 192 288 384 480 576 672 768 864 960 1056 1152 1248 1344 1440 1536 1632 1728 1824 1920 2016 2112 2208 2304 2400 2496 2592 2688 2784 2880 2976 3072 3168 3264 3360 3456 3552 3648 3744 3840 3936 4032 4128 4224 4320 4416 4512 4608 4704 4800 4896 4992 5088 5184 5280 5376 5472 5568 5664 5760 5856 5952 6048 6144 6240 6336 6432 6528 6624 6720 6816 6912 7008 7104 7200 7296 7392 7488 7584 7680 7776 7872 7968 8064 8160 8256 8352 8448 8544 8640 8736
Case #64: 49 100 150 200 250 300 350 400 450 500 550 600 650 700 750 800 850 900 950 1000 1050 1100 1150 1200 1250 1300 1350 1400 1450 1500 1550 1600 1650 1700 1750 1800 1850 1900 1950 2000 2050 2100 2150 2200 2250
Case #65: 51 104 156 208 260 312 364 416 468 520 572 624 676 728 780 832 884 936 988 1040 1092 1144 1196 1248 1300 1352 1404 1456 1508 1560 1612 1664 1716 1768 1820 1872 1924 1976 2028 2080 2132 2184 2236
Case #66: 72 146 219 292 365 438 511 584 657 730 803 876 949 1022 1095 1168 1241 1314 1387 1460 1533 1606 1679 1752 1825 1898 1971 2044 2117 2190 2263 2336 2409 2482 2555 2628 2701 2774 2847 2920 2993 3066 3139 3212 3285 3358 3431 3504 3577 3650 3723 3796 3869 3942 4015 4088 4161 4234 4307 4380 4453 4526 4599 4672 4745 4818 4891 4964 5037 5110 5183
Case #67: 44 90 135 180 225 270 315 360 405 450 495 540 585 630 675 720 765 810 855 900 945 990 1035 1080 1125 1170 1215 1260 1305 1350 1395 1440 1485 1530 1575 1620 1665 1710 1755
Case #68: 48 98 147 196 245 294 343 392 441 490 539 588 637 686 735 784 833 882 931 980 1029 1078 1127 1176 1225 1274 1323 1372 1421 1470 1519 1568 1617 1666 1715 1764 1813 1862 1911 1960 2009 2058 2107 2156 2205 2254 2303
Case #69: 7 16 24
Case #70: 2
Case #71: 17 36 54 72 90 108 126 144 162 180 198 216
Case #72: 1 2 3 4 5 6 7 8 9 10 11 12 13 14 15 16 17 18 19 20 21 22 23 24 25 26 27 28 29 30 31 32 33 34 35 36 37 38 39 40 41 42 43 44 45 46 47 48 49 50 51 52 53 54 55 56 57 58 59 60 61 62 63 64 65 66 67 68
Case #73: 40 82 123 164 205 246 287 328 369 410 451 492 533 574 615 656 697 738 779 820 861 902 943 984 1025 1066 1107 1148 1189 1230 1271 1312 1353 1394 1435 1476
Case #74: 28 58 87 116 145 174 203 232 261 290 319 348 377 406 435 464 493 522 551 580 609 638 667
Case #75: 51 104 156 208 260 312 364 416 468 520 572 624 676 728 780 832 884 936 988 1040 1092 1144 1196 1248 1300 1352 1404 1456 1508 1560 1612 1664 1716 1768 1820 1872 1924 1976 2028 2080 2132 2184 2236 2288 2340 2392 2444
Case #76: 57 116 174 232 290 348 406 464 522 580 638 696 754 812 870 928 986 1044 1102 1160 1218 1276 1334 1392 1450 1508 1566 1624 1682 1740 1798 1856 1914 1972 2030 2088 2146 2204 2262 2320 2378 2436 2494 2552 2610 2668 2726 2784 2842 2900 2958 3016 3074 3132 3190 3248
Case #77: 46 94 141 188 235 282 329 376 423 470 517 564 611 658 705 752 799 846 893 940 987 1034 1081 1128 1175 1222 1269 1316 1363 1410 1457 1504 1551 1598 1645 1692 1739 1786 1833 1880
Case #78: 99 200 300 400 500 600 700 800 900 1000 1100 1200 1300 1400 1500 1600 1700 1800 1900 2000 2100 2200 2300 2400 2500 2600 2700 2800 2900 3000 3100 3200 3300 3400 3500 3600 3700 3800 3900 4000 4100 4200 4300 4400 4500 4600 4700 4800 4900 5000 5100 5200 5300 5400 5500 5600 5700 5800 5900 6000 6100 6200 6300 6400 6500 6600 6700 6800 6900 7000 7100 7200 7300 7400 7500 7600 7700 7800 7900 8000 8100 8200 8300 8400 8500 8600 8700 8800 8900 9000 9100 9200 9300 9400 9500 9600 9700 9800
Case #79: 91 184 276 368 460 552 644 736 828 920 1012 1104 1196 1288 1380 1472 1564 1656 1748 1840 1932 2024 2116 2208 2300 2392 2484 2576 2668 2760 2852 2944 3036 3128 3220 3312 3404 3496 3588 3680 3772 3864 3956 4048 4140 4232 4324 4416 4508 4600 4692 4784 4876 4968 5060 5152 5244 5336 5428 5520 5612 5704 5796 5888 5980 6072 6164 6256 6348 6440 6532 6624 6716 6808 6900 6992 7084 7176 7268 7360 7452 7544 7636 7728 7820 7912 8004 8096 8188 8280
Case #80: 9 20 30 40 50 60
Case #81: 1
Case #82: 2
Case #83: 1
Case #84: 58 118 177 236 295 354 413 472 531 590 649 708 767 826 885 944 1003 1062 1121 1180 1239 1298 1357 1416 1475 1534 1593 1652 1711 1770 1829 1888 1947 2006 2065 2124 2183 2242 2301 2360 2419 2478 2537 2596 2655 2714 2773 2832 2891 2950
Case #85: 21 44 66 88 110 132 154 176 198 220 242
Case #86: 1 2 3 4 5 6 7 8 9 10 11 12 13 14 15 16 17 18 19 20 21 22 23 24 25 26 27 28 29 30 31 32 33 34 35 36 37 38 39 40 41 42 43 44 45 46 47 48 49 50 51 52 53 54 55 56 57 58 59 60 61 62 63 64 65 66 67 68 69 70 71 72 73 74 75 76 77 78 79 80 81 82 83 84 85 86 87 88 89 90
Case #87: 24 50 75 100 125 150 175 200 225 250 275 300 325 350 375 400 425 450 475 500 525
Case #88: 1
Case #89: 36 74 111 148 185 222 259 296 333 370 407 444 481 518 555 592 629 666 703 740 777 814 851 888 925 962 999 1036 1073 1110 1147 1184
Case #90: 4
Case #91: 5
Case #92: 52 106 159 212 265 318 371 424 477 530 583 636 689 742 795 848 901 954 1007 1060 1113 1166 1219 1272 1325 1378 1431 1484 1537 1590 1643 1696 1749 1802 1855 1908 1961 2014 2067 2120 2173 2226 2279 2332 2385 2438 2491
Case #93: 1
Case #94: 1 2 3 4 5 6 7 8 9 10 11 12 13 14 15 16 17 18 19 20 21 22 23 24 25 26 27 28 29 30 31 32 33 34 35 36 37 38 39 40 41 42 43 44
Case #95: 19 40 60 80 100 120 140 160 180 200 220
Case #96: 1 2 3 4 5 6 7 8 9 10 11 12 13 14 15 16 17 18 19 20 21 22 23 24 25 26 27 28 29 30 31 32 33 34 35 36 37 38 39 40 41 42 43 44 45 46 47 48 49 50 51 52 53 54 55 56
Case #97: 21 44 66 88 110 132 154 176 198 220 242 264 286 308
Case #98: 55 112 168 224 280 336 392 448 504 560 616 672 728 784 840 896 952 1008 1064 1120 1176 1232 1288 1344 1400 1456 1512 1568 1624 1680 1736 1792 1848 1904 1960 2016 2072 2128 2184 2240 2296 2352 2408 2464 2520 2576 2632 2688
Case #99: 6
Case #100: 99 200 300 400 500 600 700 800 900 1000 1100 1200 1300 1400 1500 1600 1700 1800 1900 2000 2100 2200 2300 2400 2500 2600 2700 2800 2900 3000 3100 3200 3300 3400 3500 3600 3700 3800 3900 4000 4100 4200 4300 4400 4500 4600 4700 4800 4900 5000 5100 5200 5300 5400 5500 5600 5700 5800 5900 6000 6100 6200 6300 6400 6500 6600 6700 6800 6900 7000 7100 7200 7300 7400 7500 7600 7700 7800 7900 8000 8100 8200 8300 8400 8500 8600 8700 8800 8900 9000 9100 9200 9300 9400 9500 9600 9700
