Case #1: 1
Case #2: 1
Case #3: 1 2
Case #4: 2 6
Case #5: 58 118 177 236 295 354 413 472 531 590 649 708 767 826 885 944 1003 1062 1121 1180 1239 1298 1357 1416 1475 1534 1593 1652 1711 1770 1829 1888 1947 2006 2065 2124 2183 2242 2301 2360 2419 2478 2537 2596 2655 2714 2773 2832 2891 2950 3009 3068 3127
Case #6: 36 74 111 148 185 222 259 296 333 370 407 444 481 518 555 592 629 666 703 740 777 814 851 888 925 962 999 1036 1073 1110 1147 1184 1221 1258 1295 1332
Case #7: 50 102 153 204 255 306 357 408 459 510 561 612 663 714 765 816 867 918 969 1020 1071 1122 1173 1224 1275 1326 1377 1428 1479 1530 1581 1632 1683 1734 1785 1836 1887 1938 1989 2040 2091 2142 2193 2244 2295 2346
Case #8: 46 94 141 188 235 282 329 376 423 470 517 564 611 658 705 752 799 846 893 940 987 1034 1081 1128 1175 1222 1269 1316 1363 1410 1457 1504 1551 1598 1645 1692 1739 1786 1833 1880 1927 1974 2021 2068 2115 2162
Case #9: 71 144 216 288 360 432 504 576 648 720 792 864 936 1008 1080 1152 1224 1296 1368 1440 1512 1584 1656 1728 1800 1872 1944 2016 2088 2160 2232 2304 2376 2448 2520 2592 2664 2736 2808 2880 2952 3024 3096 3168 3240 3312 3384 3456 3528 3600 3672 3744 3816 3888 3960 4032 4104 4176 4248 4320 4392 4464 4536 4608 4680 4752 4824
Case #10: 63 128 192 256 320 384 448 512 576 640 704 768 832 896 960 1024 1088 1152 1216 1280 1344 1408 1472 1536 1600 1664 1728 1792 1856 1920 1984 2048 2112 2176 2240 2304 2368 2432 2496 2560 2624 2688 2752 2816 2880 2944 3008 3072 3136 3200 3264 3328 3392 3456 3520 3584
Case #11: 2
Case #12: 14 30 45
Case #13: 3
Case #14: 1
Case #15: 13 28 42 56 70 84 98 112
Case #16: 5
Case #17: 0
Case #18: 23 48 72 96 120 144 168 192 216 240 264 288 312 336 360 384 408 432 456 480 504 528
Case #19: 74 150 225 300 375 450 525 600 675 750 825 900 975 1050 1125 1200 1275 1350 1425 1500 1575 1650 1725 1800 1875 1950 2025 2100 2175 2250 2325 2400 2475 2550 2625 2700 2775 2850 2925 3000 3075 3150 3225 3300 3375 3450 3525 3600 3675 3750 3825 3900 3975 4050 4125 4200 4275 4350 4425 4500 4575 4650 4725 4800 4875 4950 5025 5100
Case #20: 48 98 147 196 245 294 343 392 441 490 539 588 637 686 735 784 833 882 931 980 1029 1078 1127 1176 1225 1274 1323 1372 1421 1470 1519 1568 1617 1666 1715 1764 1813 1862 1911 1960 2009 2058 2107 2156 2205 2254 2303
Case #21: 1 2 3 4 5 6 7 8 9 10 11 12 13 14 15 16 17 18 19 20 21 22 23 24 25 26 27 28 29 30 31 32 33 34 35 36 37 38 39 40 41 42 43 44 45 46 47 48 49 50 51 52 53 54 55 56 57 58 59 60 61 62 63 64 65 66 67 68 69 70 71 72 73 74 75 76 77 78 79 80 81 82 83 84 85 86 87 88 89 90 91 92 93 94 95 96 97 98 99 100
Case #22: 52 106 159 212 265 318 371 424 477 530 583 636 689 742 795 848 901 954 1007 1060 1113 1166 1219 1272 1325 1378 1431 1484 1537 1590 1643 1696 1749 1802 1855 1908 1961 2014 2067 2120 2173 2226 2279 2332
Case #23: 17 36 54 72 90 108 126 144 162 180
Case #24: 1 2 3 4 5 6 7 8 9 10 11 12 13 14 15 16 17 18 19 20 21 22 23 24 25 26 27 28 29 30
Case #25: 44 90 135 180 225 270 315 360 405 450 495 540 585 630 675 720 765 810 855 900 945 990 1035 1080 1125 1170 1215 1260 1305 1350 1395 1440 1485 1530 1575 1620 1665 1710 1755
Case #26: 19 40 60 80 100 120 140 160
Case #27: 9 20 30 40 50 60
Case #28: 27 56 84 112 140 168 196 224 252 280 308 336 364 392 420 448 476
Case #29: 99 200 300 400 500 600 700 800 900 1000 1100 1200 1300 1400 1500 1600 1700 1800 1900 2000 2100 2200 2300 2400 2500 2600 2700 2800 2900 3000 3100 3200 3300 3400 3500 3600 3700 3800 3900 4000 4100 4200 4300 4400 4500 4600 4700 4800 4900 5000 5100 5200 5300 5400 5500 5600 5700 5800 5900 6000 6100 6200 6300 6400 6500 6600 6700 6800 6900 7000 7100 7200 7300 7400 7500 7600 7700 7800 7900 8000 8100 8200 8300 8400 8500 8600 8700 8800 8900 9000 9100 9200 9300 9400 9500 9600 9700 9800
Case #30: 1 2 3 4
Case #31: 5 12 18 24
Case #32: 12 26 39 52 65 78 91 104 117 130 143
Case #33: 64 130 195 260 325 390 455 520 585 650 715 780 845 910 975 1040 1105 1170 1235 1300 1365 1430 1495 1560 1625 1690 1755 1820 1885 1950 2015 2080 2145 2210 2275 2340 2405 2470 2535 2600 2665 2730 2795 2860 2925 2990 3055 3120 3185 3250 3315 3380 3445 3510 3575 3640 3705
Case #34: 0
Case #35: 1 2 3 4 5 6 7 8 9 10 11 12 13 14 15 16 17 18 19 20 21 22 23 24 25 26 27 28 29 30 31 32 33 34
Case #36: 1 2 3 4 5 6 7 8 9 10 11 12 13 14 15 16 17 18 19 20 21 22 23 24
Case #37: 0
Case #38: 99 200 300 400 500 600 700 800 900 1000 1100 1200 1300 1400 1500 1600 1700 1800 1900 2000 2100 2200 2300 2400 2500 2600 2700 2800 2900 3000 3100 3200 3300 3400 3500 3600 3700 3800 3900 4000 4100 4200 4300 4400 4500 4600 4700 4800 4900 5000 5100 5200 5300 5400 5500 5600 5700 5800 5900 6000 6100 6200 6300 6400 6500 6600 6700 6800 6900 7000 7100 7200 7300 7400 7500 7600 7700 7800 7900 8000 8100 8200 8300 8400 8500 8600 8700 8800 8900 9000 9100 9200
Case #39: 2
Case #40: 99 200 300 400 500 600 700 800 900 1000 1100 1200 1300 1400 1500 1600 1700 1800 1900 2000 2100 2200 2300 2400 2500 2600 2700 2800 2900 3000 3100 3200 3300 3400 3500 3600 3700 3800 3900 4000 4100 4200 4300 4400 4500 4600 4700 4800 4900 5000 5100 5200 5300 5400 5500 5600 5700 5800 5900 6000 6100 6200 6300 6400 6500 6600 6700 6800 6900 7000 7100 7200 7300 7400 7500 7600 7700 7800 7900 8000 8100 8200 8300 8400 8500 8600 8700 8800 8900 9000 9100 9200 9300 9400 9500 9600
Case #41: 0
Case #42: 59 120 180 240 300 360 420 480 540 600 660 720 780 840 900 960 1020 1080 1140 1200 1260 1320 1380 1440 1500 1560 1620 1680 1740 1800 1860 1920 1980 2040 2100 2160 2220 2280 2340 2400 2460 2520 2580 2640 2700 2760 2820 2880 2940 3000 3060 3120 3180 3240 3300 3360
Case #43: 1
Case #44: 62 126 189 252 315 378 441 504 567 630 693 756 819 882 945 1008 1071 1134 1197 1260 1323 1386 1449 1512 1575 1638 1701 1764 1827 1890 1953 2016 2079 2142 2205 2268 2331 2394 2457 2520 2583 2646 2709 2772 2835 2898 2961 3024 3087 3150 3213 3276 3339 3402 3465 3528
Case #45: 1 2 3
Case #46: 4
Case #47: 9
Case #48: 4 10 15 20
Case #49: 99 200 300 400 500 600 700 800 900 1000 1100 1200 1300 1400 1500 1600 1700 1800 1900 2000 2100 2200 2300 2400 2500 2600 2700 2800 2900 3000 3100 3200 3300 3400 3500 3600 3700 3800 3900 4000 4100 4200 4300 4400 4500 4600 4700 4800 4900 5000 5100 5200 5300 5400 5500 5600 5700 5800 5900 6000 6100 6200 6300 6400 6500 6600 6700 6800 6900 7000 7100 7200 7300 7400 7500 7600 7700 7800 7900 8000 8100 8200 8300 8400 8500 8600 8700 8800 8900 9000 9100 9200 9300 9400 9500 9600 9700
Case #50: 42 86 129 172 215 258 301 344 387 430 473 516 559 602 645 688 731 774 817 860 903 946 989 1032 1075 1118 1161 1204 1247 1290 1333 1376 1419 1462 1505 1548 1591 1634 1677 1720
Case #51: 10
Case #52: 0
Case #53: 99 200 300 400 500 600 700 800 900 1000 1100 1200 1300 1400 1500 1600 1700 1800 1900 2000 2100 2200 2300 2400 2500 2600 2700 2800 2900 3000 3100 3200 3300 3400 3500 3600 3700 3800 3900 4000 4100 4200 4300 4400 4500 4600 4700 4800 4900 5000 5100 5200 5300 5400 5500 5600 5700 5800 5900 6000 6100 6200 6300 6400 6500 6600 6700 6800 6900 7000 7100 7200 7300 7400 7500 7600 7700 7800 7900 8000 8100 8200 8300 8400 8500 8600 8700 8800 8900 9000 9100 9200 9300 9400 9500 9600 9700 9800 9900
Case #54: 35 72 108 144 180 216 252 288 324 360 396 432 468 504 540 576 612 648 684 720 756 792 828 864 900 936 972 1008
Case #55: 3 8
Case #56: 24 50 75 100 125 150 175 200 225 250 275 300 325 350 375 400 425 450 475 500 525 550 575 600
Case #57: 60 122 183 244 305 366 427 488 549 610 671 732 793 854 915 976 1037 1098 1159 1220 1281 1342 1403 1464 1525 1586 1647 1708 1769 1830 1891 1952 2013 2074 2135 2196 2257 2318 2379 2440 2501 2562 2623 2684 2745 2806 2867 2928 2989 3050 3111 3172 3233 3294 3355 3416 3477
Case #58: 91 184 276 368 460 552 644 736 828 920 1012 1104 1196 1288 1380 1472 1564 1656 1748 1840 1932 2024 2116 2208 2300 2392 2484 2576 2668 2760 2852 2944 3036 3128 3220 3312 3404 3496 3588 3680 3772 3864 3956 4048 4140 4232 4324 4416 4508 4600 4692 4784 4876 4968 5060 5152 5244 5336 5428 5520 5612 5704 5796 5888 5980 6072 6164 6256 6348 6440 6532 6624 6716 6808 6900 6992 7084 7176 7268 7360 7452 7544 7636 7728 7820 7912 8004 8096 8188
Case #59: 3
Case #60: 92 186 279 372 465 558 651 744 837 930 1023 1116 1209 1302 1395 1488 1581 1674 1767 1860 1953 2046 2139 2232 2325 2418 2511 2604 2697 2790 2883 2976 3069 3162 3255 3348 3441 3534 3627 3720 3813 3906 3999 4092 4185 4278 4371 4464 4557 4650 4743 4836 4929 5022 5115 5208 5301 5394 5487 5580 5673 5766 5859 5952 6045 6138 6231 6324 6417 6510 6603 6696 6789 6882 6975 7068 7161 7254 7347 7440 7533 7626 7719 7812 7905 7998 8091 8184 8277 8370
Case #61: 20 42 63 84 105 126 147 168 189 210
Case #62: 61 124 186 248 310 372 434 496 558 620 682 744 806 868 930 992 1054 1116 1178 1240 1302 1364 1426 1488 1550 1612 1674 1736 1798 1860 1922 1984 2046 2108 2170 2232 2294 2356 2418 2480 2542 2604 2666 2728 2790 2852 2914 2976 3038 3100 3162 3224 3286 3348 3410 3472 3534 3596 3658 3720 3782
Case #63: 1
Case #64: 6
Case #65: 9
Case #66: 1 2 3 4 5 6 7 8 9 10 11 12 13 14 15 16 17 18 19 20 21 22 23 24 25 26 27 28 29 30 31 32 33 34 35 36 37 38 39 40 41 42 43 44 45 46 47 48 49 50 51 52 53 54 55 56 57 58 59 60
Case #67: 39 80 120 160 200 240 280 320 360 400 440 480 520 560 600 640 680 720 760 800 840 880 920 960 1000 1040 1080 1120 1160 1200 1240 1280 1320 1360 1400
Case #68: 47 96 144 192 240 288 336 384 432 480 528 576 624 672 720 768 816 864 912 960 1008 1056 1104 1152 1200 1248 1296 1344 1392 1440 1488 1536 1584 1632 1680 1728 1776 1824 1872 1920
Case #69: 54 110 165 220 275 330 385 440 495 550 605 660 715 770 825 880 935 990 1045 1100 1155 1210 1265 1320 1375 1430 1485 1540 1595 1650 1705 1760 1815 1870 1925 1980 2035 2090 2145 2200 2255 2310 2365 2420 2475 2530 2585
Case #70: 1
Case #71: 57 116 174 232 290 348 406 464 522 580 638 696 754 812 870 928 986 1044 1102 1160 1218 1276 1334 1392 1450 1508 1566 1624 1682 1740 1798 1856 1914 1972 2030 2088 2146 2204 2262 2320 2378 2436 2494 2552 2610 2668 2726 2784 2842 2900 2958
Case #72: 2
Case #73: 14 30 45 60 75 90 105
Case #74: 1 2 3 4 5 6 7 8 9 10 11 12 13 14 15 16 17 18 19 20 21 22 23 24 25 26 27 28 29 30 31 32 33
Case #75: 39 80 120 160 200 240 280 320 360 400 440 480 520 560 600 640 680 720 760 800 840 880 920 960 1000 1040 1080 1120 1160 1200 1240
Case #76: 37 76 114 152 190 228 266 304 342 380 418 456 494 532 570 608 646 684 722 760 798 836 874 912 950 988 1026 1064 1102 1140 1178 1216 1254 1292 1330 1368
Case #77: 0
Case #78: 88 178 267 356 445 534 623 712 801 890 979 1068 1157 1246 1335 1424 1513 1602 1691 1780 1869 1958 2047 2136 2225 2314 2403 2492 2581 2670 2759 2848 2937 3026 3115 3204 3293 3382 3471 3560 3649 3738 3827 3916 4005 4094 4183 4272 4361 4450 4539 4628 4717 4806 4895 4984 5073 5162 5251 5340 5429 5518 5607 5696 5785 5874 5963 6052 6141 6230 6319 6408 6497 6586 6675 6764 6853 6942 7031 7120 7209 7298 7387
Case #79: 8 18 27
Case #80: 52 106 159 212 265 318 371 424 477 530 583 636 689 742 795 848 901 954 1007 1060 1113 1166 1219 1272 1325 1378 1431 1484 1537 1590 1643 1696 1749 1802 1855 1908 1961 2014 2067 2120 2173 2226 2279 2332 2385 2438 2491 2544 2597
Case #81: 11 24 36 48 60 72 84 96 108 120 132
Case #82: 0
Case #83: 10
Case #84: 3 8 12
Case #85: 29 60 90 120 150 180 210 240 270 300 330 360 390 420 450 480 510 540 570
Case #86: 8
Case #87: 79 160 240 320 400 480 560 640 720 800 880 960 1040 1120 1200 1280 1360 1440 1520 1600 1680 1760 1840 1920 2000 2080 2160 2240 2320 2400 2480 2560 2640 2720 2800 2880 2960 3040 3120 3200 3280 3360 3440 3520 3600 3680 3760 3840 3920 4000 4080 4160 4240 4320 4400 4480 4560 4640 4720 4800 4880 4960 5040 5120 5200 5280 5360 5440 5520 5600 5680 5760 5840
Case #88: 68 138 207 276 345 414 483 552 621 690 759 828 897 966 1035 1104 1173 1242 1311 1380 1449 1518 1587 1656 1725 1794 1863 1932 2001 2070 2139 2208 2277 2346 2415 2484 2553 2622 2691 2760 2829 2898 2967 3036 3105 3174 3243 3312 3381 3450 3519 3588 3657 3726 3795 3864 3933 4002 4071 4140 4209 4278 4347 4416 4485 4554 4623
Case #89: 2
Case #90: 1
Case #91: 1
Case #92: 94 190 285 380 475 570 665 760 855 950 1045 1140 1235 1330 1425 1520 1615 1710 1805 1900 1995 2090 2185 2280 2375 2470 2565 2660 2755 2850 2945 3040 3135 3230 3325 3420 3515 3610 3705 3800 3895 3990 4085 4180 4275 4370 4465 4560 4655 4750 4845 4940 5035 5130 5225 5320 5415 5510 5605 5700 5795 5890 5985 6080 6175 6270 6365 6460 6555 6650 6745 6840 6935 7030 7125 7220 7315 7410 7505 7600 7695 7790 7885 7980 8075 8170 8265
Case #93: 0
Case #94: 15 32 48 64 80 96 112 128 144 160 176 192 208
Case #95: 15 32 48 64
Case #96: 1 2 3 4 5 6 7 8 9 10 11 12 13 14 15 16 17 18 19 20 21 22 23 24 25 26 27 28
Case #97: 0
Case #98: 8
Case #99: 38 78 117 156 195 234 273 312 351 390 429 468 507 546 585 624 663 702 741 780 819 858 897 936 975 1014 1053 1092 1131 1170 1209 1248 1287
Case #100: 58 118 177 236 295 354 413 472 531 590 649 708 767 826 885 944 1003 1062 1121 1180 1239 1298 1357 1416 1475 1534 1593 1652 1711 1770 1829 1888 1947 2006 2065 2124 2183 2242 2301 2360 2419 2478 2537 2596 2655 2714 2773 2832 2891 2950 3009 3068 3127 3186 3245
