Case #1: BA BA
Case #2: AC BA C BA
Case #3: CC BA
Case #4: BB AC BA
Case #5: AA CB AC BA
Case #6: CC AC AC BA
Case #7: CB AC BA C BA
Case #8: BC BA
Case #9: BC BC BA
Case #10: AB AC BA
Case #11: CB C BA
Case #12: BB CB AC BA
Case #13: CC BC BA
Case #14: CB CB CB C BA
Case #15: BA BA BA BA
Case #16: AC BA
Case #17: BA CB AC BA
Case #18: AC AC BA C BA
Case #19: C BA
Case #20: AB AC BA C BA
Case #21: CC BC BA C BA
Case #22: BA
Case #23: CC BA C BA
Case #24: CA CA CA C BA
Case #25: CC AC BA
Case #26: CB CB AC BA
Case #27: BA C BA
Case #28: CA CB AC BA
Case #29: CC CB AC BA
Case #30: BA BA BA
Case #31: BB AB AC BA
Case #32: BC BA C BA
Case #33: AC AC AC BA
Case #34: CA CA C BA
Case #35: AC AC BA
Case #36: CC BC BC BA
Case #37: CA C BA
Case #38: BB AC BA C BA
Case #39: BC BC BA C BA
Case #40: CB AC BA
Case #41: BC BC BC BA
Case #42: BA BA C BA
Case #43: BA BA BA C BA
Case #44: CC AC BA C BA
Case #45: AB AB AC BA
Case #46: CB CB C BA
