Case #1: BA BA
Case #2: AC BA C BA
Case #3: CC BA
Case #4: BB AC BA
Case #5: CB CB C BA
Case #6: CC BC BA C BA
Case #7: CC CB AC BA
Case #8: CA C BA
Case #9: BC BC BC BA
Case #10: BB AC BA C BA
Case #11: AB AC BA C BA
Case #12: CC BC BA
Case #13: AC AC BA C BA
Case #14: AC AC BA
Case #15: AB AB AC BA
Case #16: C BA
Case #17: BA C BA
Case #18: CA CB AC BA
Case #19: BA BA BA
Case #20: CA CA CA C BA
Case #21: CB AC BA
Case #22: BA BA C BA
Case #23: CC AC AC BA
Case #24: CA CA C BA
Case #25: CC BA C BA
Case #26: BC BC BA C BA
Case #27: CC AC BA
Case #28: BA CB AC BA
Case #29: BC BA
Case #30: AC AC AC BA
Case #31: AC BA
Case #32: CB CB AC BA
Case #33: CB AC BA C BA
Case #34: CC BC BC BA
Case #35: AB AC BA
Case #36: BB AB AC BA
Case #37: CB CB CB C BA
Case #38: BA
Case #39: BC BC BA
Case #40: BC BA C BA
Case #41: CB C BA
Case #42: BA BA BA C BA
Case #43: AA CB AC BA
Case #44: BA BA BA BA
Case #45: BB CB AC BA
Case #46: CC AC BA C BA
