Case #1: 2
Case #2: 1
Case #3: IMPOSSIBLE
Case #4: 1 2
Case #5: 3 6
Case #6: IMPOSSIBLE
Case #7: IMPOSSIBLE
Case #8: 6
Case #9: IMPOSSIBLE
Case #10: IMPOSSIBLE
Case #11: 1
Case #12: IMPOSSIBLE
Case #13: 1
Case #14: IMPOSSIBLE
Case #15: 1 2 3 4
Case #16: IMPOSSIBLE
Case #17: 33 66 99 132 165 198 231 264 297 330 363 396 429 462 495 528 561 594 627 660 693 726 759
Case #18: IMPOSSIBLE
Case #19: IMPOSSIBLE
Case #20: 12 24 36 48 60 72 84 96
Case #21: 2
Case #22: IMPOSSIBLE
Case #23: IMPOSSIBLE
Case #24: 27 54 81 108 135 162 189 216 243 270 297 324 351 378 405 432
Case #25: 1
Case #26: 4
Case #27: 1 2 3 4 5 6 7 8 9 10 11 12 13 14 15 16 17 18 19 20 21 22 23 24 25 26 27 28 29 30 31 32 33 34 35 36 37 38 39 40 41 42 43 44 45 46 47 48 49 50 51 52 53 54 55 56 57 58 59 60 61 62 63 64 65 66 67 68 69 70 71 72 73 74 75 76 77 78 79 80 81 82 83 84 85 86 87 88 89 90 91 92 93 94 95 96 97 98 99 100
Case #28: IMPOSSIBLE
Case #29: 1
Case #30: IMPOSSIBLE
Case #31: IMPOSSIBLE
Case #32: 1 2 3 4 5 6 7 8 9 10 11 12 13 14 15 16 17 18 19 20 21 22 23 24 25 26 27 28 29
Case #33: 14 28 42 56 70 84 98 112 126
Case #34: IMPOSSIBLE
Case #35: 1 2 3
Case #36: IMPOSSIBLE
Case #37: IMPOSSIBLE
Case #38: IMPOSSIBLE
Case #39: IMPOSSIBLE
Case #40: 2
Case #41: IMPOSSIBLE
Case #42: 3
Case #43: 3
Case #44: IMPOSSIBLE
Case #45: IMPOSSIBLE
Case #46: IMPOSSIBLE
Case #47: 1
Case #48: IMPOSSIBLE
Case #49: IMPOSSIBLE
Case #50: 1
Case #51: IMPOSSIBLE
Case #52: IMPOSSIBLE
Case #53: IMPOSSIBLE
Case #54: 10
Case #55: 2
Case #56: IMPOSSIBLE
Case #57: IMPOSSIBLE
Case #58: IMPOSSIBLE
Case #59: IMPOSSIBLE
Case #60: 1 2 3 4 5 6 7 8 9 10 11 12 13 14 15 16 17 18 19 20 21 22 23 24 25 26 27 28 29 30 31 32 33 34 35 36 37 38 39 40 41 42 43 44 45 46 47 48 49 50 51 52 53 54 55 56 57 58 59 60 61 62 63 64 65 66 67 68 69 70 71 72 73 74 75 76 77 78 79 80 81 82 83 84 85 86 87
Case #61: IMPOSSIBLE
Case #62: IMPOSSIBLE
Case #63: IMPOSSIBLE
Case #64: IMPOSSIBLE
Case #65: IMPOSSIBLE
Case #66: 3
Case #67: IMPOSSIBLE
Case #68: IMPOSSIBLE
Case #69: IMPOSSIBLE
Case #70: IMPOSSIBLE
Case #71: 4
Case #72: IMPOSSIBLE
Case #73: IMPOSSIBLE
Case #74: IMPOSSIBLE
Case #75: IMPOSSIBLE
Case #76: 1
Case #77: IMPOSSIBLE
Case #78: 1
Case #79: 3 6
Case #80: IMPOSSIBLE
Case #81: 1
Case #82: IMPOSSIBLE
Case #83: IMPOSSIBLE
Case #84: IMPOSSIBLE
Case #85: 4 8
Case #86: IMPOSSIBLE
Case #87: IMPOSSIBLE
Case #88: 9
Case #89: IMPOSSIBLE
Case #90: IMPOSSIBLE
Case #91: IMPOSSIBLE
Case #92: IMPOSSIBLE
Case #93: IMPOSSIBLE
Case #94: 1
Case #95: 3
Case #96: IMPOSSIBLE
Case #97: 1
Case #98: 2
Case #99: IMPOSSIBLE
Case #100: IMPOSSIBLE
