Case #1: 2
Case #2: 1
Case #3: 1 2
Case #4: 3 6
Case #5: 12
Case #6: 100 200 300 400 500 600 700 800 900 1000 1100 1200 1300 1400 1500 1600 1700 1800 1900 2000 2100 2200 2300 2400 2500 2600 2700 2800 2900 3000 3100 3200 3300 3400 3500 3600 3700 3800 3900 4000 4100 4200 4300 4400 4500 4600 4700 4800 4900 5000 5100 5200 5300 5400 5500 5600 5700 5800 5900 6000 6100 6200 6300 6400 6500 6600 6700 6800 6900 7000 7100 7200 7300 7400 7500 7600 7700 7800 7900 8000 8100 8200 8300 8400 8500 8600 8700 8800 8900 9000 9100 9200 9300 9400 9500 9600 9700 9800
Case #7: 14 28 42 56 70 84 98 112 126 140 154
Case #8: 3
Case #9: 3
Case #10: 72 144 216 288 360 432 504 576 648 720 792 864 936 1008 1080 1152 1224 1296 1368 1440 1512 1584 1656 1728 1800 1872 1944 2016 2088 2160 2232 2304 2376 2448 2520 2592 2664 2736 2808 2880 2952 3024 3096 3168 3240 3312 3384 3456 3528 3600 3672 3744 3816 3888 3960 4032 4104 4176 4248 4320 4392 4464 4536 4608
Case #11: 4
Case #12: 12 24 36 48
Case #13: 24 48 72 96 120 144 168 192 216 240 264 288 312 336
Case #14: 10 20 30 40 50 60
Case #15: 48 96 144 192 240 288 336 384 432 480 528 576 624 672 720 768 816 864 912 960 1008 1056 1104 1152 1200 1248 1296 1344 1392 1440 1488 1536 1584 1632 1680 1728 1776 1824 1872
Case #16: 100 200 300 400 500 600 700 800 900 1000 1100 1200 1300 1400 1500 1600 1700 1800 1900 2000 2100 2200 2300 2400 2500 2600 2700 2800 2900 3000 3100 3200 3300 3400 3500 3600 3700 3800 3900 4000 4100 4200 4300 4400 4500 4600 4700 4800 4900 5000 5100 5200 5300 5400 5500 5600 5700 5800 5900 6000 6100 6200 6300 6400 6500 6600 6700 6800 6900 7000 7100 7200 7300 7400 7500 7600 7700 7800 7900 8000 8100 8200 8300 8400 8500 8600 8700 8800 8900 9000 9100 9200 9300 9400 9500 9600 9700
Case #17: 40 80 120 160 200 240 280 320 360 400 440 480 520 560 600 640 680 720 760 800 840 880 920 960 1000 1040 1080 1120 1160 1200 1240 1280 1320 1360 1400 1440 1480 1520
Case #18: 4
Case #19: 56 112 168 224 280 336 392 448 504 560 616 672 728 784 840 896 952 1008 1064 1120 1176 1232 1288 1344 1400 1456 1512 1568 1624 1680 1736 1792 1848 1904 1960 2016 2072 2128 2184 2240 2296 2352 2408 2464 2520 2576 2632
Case #20: 32 64 96 128 160 192 224 256 288 320 352 384 416 448 480 512 544 576 608 640 672 704 736 768 800 832 864 896
Case #21: 1
Case #22: 35 70 105 140 175 210 245 280 315 350 385 420 455 490 525 560 595 630 665 700 735 770 805 840 875 910 945
Case #23: 3
Case #24: 1 2 3 4 5 6 7 8 9 10 11 12 13 14 15 16 17 18 19 20 21 22 23 24 25 26 27 28 29 30 31 32 33 34 35 36 37 38 39 40 41 42 43 44 45 46 47 48 49 50 51 52 53 54 55 56 57 58 59 60 61 62 63 64 65 66 67 68 69 70 71 72
Case #25: 24 48 72 96 120 144 168 192 216 240 264 288 312 336 360 384 408 432 456
Case #26: 10
Case #27: 87 174 261 348 435 522 609 696 783 870 957 1044 1131 1218 1305 1392 1479 1566 1653 1740 1827 1914 2001 2088 2175 2262 2349 2436 2523 2610 2697 2784 2871 2958 3045 3132 3219 3306 3393 3480 3567 3654 3741 3828 3915 4002 4089 4176 4263 4350 4437 4524 4611 4698 4785 4872 4959 5046 5133 5220 5307 5394 5481 5568 5655 5742 5829 5916 6003 6090 6177 6264 6351 6438 6525 6612 6699 6786 6873 6960 7047
Case #28: 85 170 255 340 425 510 595 680 765 850 935 1020 1105 1190 1275 1360 1445 1530 1615 1700 1785 1870 1955 2040 2125 2210 2295 2380 2465 2550 2635 2720 2805 2890 2975 3060 3145 3230 3315 3400 3485 3570 3655 3740 3825 3910 3995 4080 4165 4250 4335 4420 4505 4590 4675 4760 4845 4930 5015 5100 5185 5270 5355 5440 5525 5610 5695 5780 5865 5950 6035 6120 6205 6290 6375 6460 6545 6630 6715
Case #29: 3
Case #30: 18 36 54 72 90 108 126 144 162 180 198 216 234 252 270 288
Case #31: 100 200 300 400 500 600 700 800 900 1000 1100 1200 1300 1400 1500 1600 1700 1800 1900 2000 2100 2200 2300 2400 2500 2600 2700 2800 2900 3000 3100 3200 3300 3400 3500 3600 3700 3800 3900 4000 4100 4200 4300 4400 4500 4600 4700 4800 4900 5000 5100 5200 5300 5400 5500 5600 5700 5800 5900 6000 6100 6200 6300 6400 6500 6600 6700 6800 6900 7000 7100 7200 7300 7400 7500 7600 7700 7800 7900 8000 8100 8200 8300 8400 8500 8600 8700 8800 8900 9000 9100 9200 9300 9400 9500 9600 9700 9800 9900
Case #32: 1
Case #33: 3
Case #34: 91 182 273 364 455 546 637 728 819 910 1001 1092 1183 1274 1365 1456 1547 1638 1729 1820 1911 2002 2093 2184 2275 2366 2457 2548 2639 2730 2821 2912 3003 3094 3185 3276 3367 3458 3549 3640 3731 3822 3913 4004 4095 4186 4277 4368 4459 4550 4641 4732 4823 4914 5005 5096 5187 5278 5369 5460 5551 5642 5733 5824 5915 6006 6097 6188 6279 6370 6461 6552 6643 6734 6825 6916 7007 7098 7189 7280 7371 7462 7553 7644
Case #35: 11 22
Case #36: 1 2 3 4 5 6 7 8 9 10 11 12 13 14 15 16 17 18 19 20 21 22 23 24 25 26 27 28 29 30 31 32 33 34 35 36 37 38 39 40 41 42 43 44 45 46 47 48 49 50
Case #37: 3
Case #38: 1 2 3 4 5 6 7 8 9 10 11 12 13 14 15 16 17 18 19 20 21 22 23 24 25 26 27
Case #39: 45 90 135 180 225 270 315 360 405 450 495 540 585 630 675 720 765 810 855 900 945 990 1035 1080 1125 1170 1215 1260 1305 1350 1395 1440 1485 1530 1575 1620 1665 1710 1755 1800 1845 1890 1935
Case #40: 14 28 42 56 70 84 98 112
Case #41: 68 136 204 272 340 408 476 544 612 680 748 816 884 952 1020 1088 1156 1224 1292 1360 1428 1496 1564 1632 1700 1768 1836 1904 1972 2040 2108 2176 2244 2312 2380 2448 2516 2584 2652 2720 2788 2856 2924 2992 3060 3128 3196 3264 3332 3400 3468 3536 3604 3672 3740 3808 3876 3944 4012 4080 4148 4216 4284 4352
Case #42: 2
Case #43: 31 62 93 124 155 186 217 248 279 310 341 372 403 434 465 496 527 558 589 620 651 682 713 744 775 806 837 868 899 930
Case #44: 14 28 42 56
Case #45: 24 48 72 96 120 144 168 192 216 240 264 288 312 336 360 384 408 432 456 480 504 528 552
Case #46: 2
Case #47: 2
Case #48: 90 180 270 360 450 540 630 720 810 900 990 1080 1170 1260 1350 1440 1530 1620 1710 1800 1890 1980 2070 2160 2250 2340 2430 2520 2610 2700 2790 2880 2970 3060 3150 3240 3330 3420 3510 3600 3690 3780 3870 3960 4050 4140 4230 4320 4410 4500 4590 4680 4770 4860 4950 5040 5130 5220 5310 5400 5490 5580 5670 5760 5850 5940 6030 6120 6210 6300 6390 6480 6570 6660 6750 6840 6930 7020 7110 7200 7290 7380 7470 7560 7650 7740
Case #49: 23 46 69 92 115 138 161 184 207 230 253
Case #50: 2
Case #51: 5
Case #52: 39 78 117 156 195 234 273 312 351 390 429 468 507 546 585 624 663 702 741 780 819 858 897 936 975 1014 1053 1092 1131 1170 1209 1248
Case #53: 7 14
Case #54: 9 18 27 36 45 54 63 72
Case #55: 89 178 267 356 445 534 623 712 801 890 979 1068 1157 1246 1335 1424 1513 1602 1691 1780 1869 1958 2047 2136 2225 2314 2403 2492 2581 2670 2759 2848 2937 3026 3115 3204 3293 3382 3471 3560 3649 3738 3827 3916 4005 4094 4183 4272 4361 4450 4539 4628 4717 4806 4895 4984 5073 5162 5251 5340 5429 5518 5607 5696 5785 5874 5963 6052 6141 6230 6319 6408 6497 6586 6675 6764 6853 6942 7031 7120 7209 7298 7387
Case #56: 86 172 258 344 430 516 602 688 774 860 946 1032 1118 1204 1290 1376 1462 1548 1634 1720 1806 1892 1978 2064 2150 2236 2322 2408 2494 2580 2666 2752 2838 2924 3010 3096 3182 3268 3354 3440 3526 3612 3698 3784 3870 3956 4042 4128 4214 4300 4386 4472 4558 4644 4730 4816 4902 4988 5074 5160 5246 5332 5418 5504 5590 5676 5762 5848 5934 6020 6106 6192 6278 6364 6450 6536 6622 6708 6794 6880 6966 7052 7138 7224 7310
Case #57: 1 2 3 4 5 6 7 8 9 10 11 12 13 14 15 16 17 18 19 20 21 22 23 24 25 26 27 28 29 30 31 32 33 34 35 36 37 38 39 40 41 42 43 44 45 46 47 48 49 50 51 52 53 54 55 56 57 58 59 60 61 62 63 64 65 66 67 68 69 70 71 72 73 74 75 76
Case #58: 4
Case #59: 19 38 57 76 95 114 133 152 171 190 209 228 247 266 285 304 323 342
Case #60: 10 20 30 40 50 60 70 80
Case #61: 76 152 228 304 380 456 532 608 684 760 836 912 988 1064 1140 1216 1292 1368 1444 1520 1596 1672 1748 1824 1900 1976 2052 2128 2204 2280 2356 2432 2508 2584 2660 2736 2812 2888 2964 3040 3116 3192 3268 3344 3420 3496 3572 3648 3724 3800 3876 3952 4028 4104 4180 4256 4332 4408 4484 4560 4636 4712 4788 4864 4940 5016 5092 5168 5244 5320 5396 5472
Case #62: 51 102 153 204 255 306 357 408 459 510 561 612 663 714 765 816 867 918 969 1020 1071 1122 1173 1224 1275 1326 1377 1428 1479 1530 1581 1632 1683 1734 1785 1836 1887 1938 1989 2040 2091 2142 2193
Case #63: 4 8
Case #64: 1
Case #65: 4 8 12
Case #66: 1 2 3 4 5 6 7 8 9 10 11 12 13 14 15 16 17 18 19 20 21 22 23 24 25 26 27 28 29 30 31
Case #67: 74 148 222 296 370 444 518 592 666 740 814 888 962 1036 1110 1184 1258 1332 1406 1480 1554 1628 1702 1776 1850 1924 1998 2072 2146 2220 2294 2368 2442 2516 2590 2664 2738 2812 2886 2960 3034 3108 3182 3256 3330 3404 3478 3552 3626 3700 3774 3848 3922 3996 4070 4144 4218 4292 4366 4440 4514 4588 4662 4736 4810 4884 4958 5032
Case #68: 40 80 120 160 200 240 280 320 360 400 440 480 520 560 600 640 680 720 760 800 840 880 920 960 1000 1040 1080 1120 1160 1200 1240 1280 1320
Case #69: 8
Case #70: 67 134 201 268 335 402 469 536 603 670 737 804 871 938 1005 1072 1139 1206 1273 1340 1407 1474 1541 1608 1675 1742 1809 1876 1943 2010 2077 2144 2211 2278 2345 2412 2479 2546 2613 2680 2747 2814 2881 2948 3015 3082 3149 3216 3283 3350 3417 3484 3551 3618 3685 3752 3819 3886 3953 4020 4087
Case #71: 10
Case #72: 57 114 171 228 285 342 399 456 513 570 627 684 741 798 855 912 969 1026 1083 1140 1197 1254 1311 1368 1425 1482 1539 1596 1653 1710 1767 1824 1881 1938 1995 2052 2109 2166 2223 2280 2337 2394 2451 2508 2565 2622 2679 2736 2793 2850 2907 2964 3021 3078 3135 3192
Case #73: 100 200 300 400 500 600 700 800 900 1000 1100 1200 1300 1400 1500 1600 1700 1800 1900 2000 2100 2200 2300 2400 2500 2600 2700 2800 2900 3000 3100 3200 3300 3400 3500 3600 3700 3800 3900 4000 4100 4200 4300 4400 4500 4600 4700 4800 4900 5000 5100 5200 5300 5400 5500 5600 5700 5800 5900 6000 6100 6200 6300 6400 6500 6600 6700 6800 6900 7000 7100 7200 7300 7400 7500 7600 7700 7800 7900 8000 8100 8200 8300 8400 8500 8600 8700 8800 8900 9000 9100 9200
Case #74: 66 132 198 264 330 396 462 528 594 660 726 792 858 924 990 1056 1122 1188 1254 1320 1386 1452 1518 1584 1650 1716 1782 1848 1914 1980 2046 2112 2178 2244 2310 2376 2442 2508 2574 2640 2706 2772 2838 2904 2970 3036 3102 3168 3234 3300 3366 3432 3498 3564 3630 3696 3762 3828 3894 3960 4026
Case #75: 53 106 159 212 265 318 371 424 477 530 583 636 689 742 795 848 901 954 1007 1060 1113 1166 1219 1272 1325 1378 1431 1484 1537 1590 1643 1696 1749 1802 1855 1908 1961 2014 2067 2120 2173 2226 2279 2332 2385 2438 2491 2544 2597
Case #76: 72 144 216 288 360 432 504 576 648 720 792 864 936 1008 1080 1152 1224 1296 1368 1440 1512 1584 1656 1728 1800 1872 1944 2016 2088 2160 2232 2304 2376 2448 2520 2592 2664 2736 2808 2880 2952 3024 3096 3168 3240 3312 3384 3456 3528 3600 3672 3744 3816 3888 3960 4032 4104 4176 4248 4320 4392 4464 4536 4608 4680 4752
Case #77: 89 178 267 356 445 534 623 712 801 890 979 1068 1157 1246 1335 1424 1513 1602 1691 1780 1869 1958 2047 2136 2225 2314 2403 2492 2581 2670 2759 2848 2937 3026 3115 3204 3293 3382 3471 3560 3649 3738 3827 3916 4005 4094 4183 4272 4361 4450 4539 4628 4717 4806 4895 4984 5073 5162 5251 5340 5429 5518 5607 5696 5785 5874 5963 6052 6141 6230 6319 6408 6497 6586 6675 6764 6853 6942 7031 7120 7209 7298 7387 7476 7565 7654 7743 7832
Case #78: 5 10 15
Case #79: 80 160 240 320 400 480 560 640 720 800 880 960 1040 1120 1200 1280 1360 1440 1520 1600 1680 1760 1840 1920 2000 2080 2160 2240 2320 2400 2480 2560 2640 2720 2800 2880 2960 3040 3120 3200 3280 3360 3440 3520 3600 3680 3760 3840 3920 4000 4080 4160 4240 4320 4400 4480 4560 4640 4720 4800 4880 4960 5040 5120 5200 5280 5360 5440 5520 5600 5680 5760 5840
Case #80: 4
Case #81: 34 68 102 136 170 204 238 272 306 340 374 408 442 476 510 544 578 612 646 680 714 748 782 816 850 884 918 952 986 1020 1054 1088
Case #82: 1
Case #83: 4
Case #84: 1
Case #85: 1 2 3 4
Case #86: 70 140 210 280 350 420 490 560 630 700 770 840 910 980 1050 1120 1190 1260 1330 1400 1470 1540 1610 1680 1750 1820 1890 1960 2030 2100 2170 2240 2310 2380 2450 2520 2590 2660 2730 2800 2870 2940 3010 3080 3150 3220 3290 3360 3430 3500 3570 3640 3710 3780 3850 3920 3990 4060 4130 4200 4270 4340
Case #87: 57 114 171 228 285 342 399 456 513 570 627 684 741 798 855 912 969 1026 1083 1140 1197 1254 1311 1368 1425 1482 1539 1596 1653 1710 1767 1824 1881 1938 1995 2052 2109 2166 2223 2280 2337 2394 2451 2508 2565 2622 2679 2736
Case #88: 1
Case #89: 13 26 39 52
Case #90: 2
Case #91: 95 190 285 380 475 570 665 760 855 950 1045 1140 1235 1330 1425 1520 1615 1710 1805 1900 1995 2090 2185 2280 2375 2470 2565 2660 2755 2850 2945 3040 3135 3230 3325 3420 3515 3610 3705 3800 3895 3990 4085 4180 4275 4370 4465 4560 4655 4750 4845 4940 5035 5130 5225 5320 5415 5510 5605 5700 5795 5890 5985 6080 6175 6270 6365 6460 6555 6650 6745 6840 6935 7030 7125 7220 7315 7410 7505 7600 7695 7790 7885 7980 8075 8170 8265
Case #92: 27 54 81 108 135 162 189 216 243 270 297 324 351 378 405 432
Case #93: 91 182 273 364 455 546 637 728 819 910 1001 1092 1183 1274 1365 1456 1547 1638 1729 1820 1911 2002 2093 2184 2275 2366 2457 2548 2639 2730 2821 2912 3003 3094 3185 3276 3367 3458 3549 3640 3731 3822 3913 4004 4095 4186 4277 4368 4459 4550 4641 4732 4823 4914 5005 5096 5187 5278 5369 5460 5551 5642 5733 5824 5915 6006 6097 6188 6279 6370 6461 6552 6643 6734 6825 6916 7007 7098 7189 7280 7371 7462 7553 7644 7735
Case #94: 1 2 3
Case #95: 96 192 288 384 480 576 672 768 864 960 1056 1152 1248 1344 1440 1536 1632 1728 1824 1920 2016 2112 2208 2304 2400 2496 2592 2688 2784 2880 2976 3072 3168 3264 3360 3456 3552 3648 3744 3840 3936 4032 4128 4224 4320 4416 4512 4608 4704 4800 4896 4992 5088 5184 5280 5376 5472 5568 5664 5760 5856 5952 6048 6144 6240 6336 6432 6528 6624 6720 6816 6912 7008 7104 7200 7296 7392 7488 7584 7680 7776 7872 7968 8064 8160 8256 8352 8448 8544 8640 8736 8832
Case #96: 82 164 246 328 410 492 574 656 738 820 902 984 1066 1148 1230 1312 1394 1476 1558 1640 1722 1804 1886 1968 2050 2132 2214 2296 2378 2460 2542 2624 2706 2788 2870 2952 3034 3116 3198 3280 3362 3444 3526 3608 3690 3772 3854 3936 4018 4100 4182 4264 4346 4428 4510 4592 4674 4756 4838 4920 5002 5084 5166 5248 5330 5412 5494 5576 5658 5740 5822 5904 5986 6068 6150 6232 6314
Case #97: 1
Case #98: 1 2 3 4 5 6 7 8 9 10 11 12 13 14 15 16 17 18 19 20 21 22 23 24 25 26 27 28 29 30 31 32 33 34 35 36 37 38 39 40 41 42 43 44 45 46 47 48 49 50 51 52 53 54 55 56 57 58 59 60 61 62 63 64 65 66 67 68 69 70 71 72 73 74 75 76 77 78 79 80 81 82 83 84 85 86 87 88 89 90 91 92 93 94 95 96 97 98 99 100
Case #99: 4
Case #100: 98 196 294 392 490 588 686 784 882 980 1078 1176 1274 1372 1470 1568 1666 1764 1862 1960 2058 2156 2254 2352 2450 2548 2646 2744 2842 2940 3038 3136 3234 3332 3430 3528 3626 3724 3822 3920 4018 4116 4214 4312 4410 4508 4606 4704 4802 4900 4998 5096 5194 5292 5390 5488 5586 5684 5782 5880 5978 6076 6174 6272 6370 6468 6566 6664 6762 6860 6958 7056 7154 7252 7350 7448 7546 7644 7742 7840 7938 8036 8134 8232 8330 8428 8526 8624 8722 8820 8918 9016 9114 9212 9310 9408
