Case #1: B A B A
Case #2: A C B A C B A
Case #3: C C B A
Case #4: B B A C B A
Case #5: B C B A C B A
Case #6: C C B A C B A
Case #7: B A B A B A C B A
Case #8: B B A C B A C B A
Case #9: C B C B C B C B A
Case #10: B A
Case #11: B C B C B A
Case #12: A C A C A C B A
Case #13: C A C A C B A
Case #14: C C A C A C B A
Case #15: B A B A B A
Case #16: A C A C B A C B A
Case #17: B C B C B C B A
Case #18: C B C B A C B A
Case #19: A B A C B A C B A
Case #20: B A B A C B A
Case #21: C C A C B A
Case #22: A C A C B A
Case #23: B A C B A C B A
Case #24: C B A C B A C B A
Case #25: A B A B A C B A
Case #26: C C C B A C B A
Case #27: C B C B A
Case #28: B B C B A C B A
Case #29: C B C B C B A
Case #30: C A C A C A C B A
Case #31: A A C B A C B A
Case #32: C A C B A C B A
Case #33: B B A B A C B A
Case #34: A C B A
Case #35: C C B C B A
Case #36: A B A C B A
Case #37: C B A C B A
Case #38: C B A
Case #39: B C B C B A C B A
Case #40: C C A C B A C B A
Case #41: B C B A
Case #42: B A B A B A B A
Case #43: C C B C B A C B A
Case #44: B A C B A
Case #45: C C B C B C B A
Case #46: C A C B A
